Performing C++ SOURCE FILE Test CMAKE_HAVE_LIBC_PTHREAD failed with the following output:
Change Dir: /home/worker/EventStreamCore/build/CMakeFiles/CMakeTmp

Run Build Command(s):/usr/bin/make -f Makefile cmTC_5e615/fast && /usr/bin/make  -f CMakeFiles/cmTC_5e615.dir/build.make CMakeFiles/cmTC_5e615.dir/build
make[1]: Entering directory '/home/worker/EventStreamCore/build/CMakeFiles/CMakeTmp'
Building CXX object CMakeFiles/cmTC_5e615.dir/src.cxx.o
/usr/bin/c++ -DCMAKE_HAVE_LIBC_PTHREAD  -std=c++1z -o CMakeFiles/cmTC_5e615.dir/src.cxx.o -c /home/worker/EventStreamCore/build/CMakeFiles/CMakeTmp/src.cxx
Linking CXX executable cmTC_5e615
/opt/cmake-3.24.2-linux-x86_64/bin/cmake -E cmake_link_script CMakeFiles/cmTC_5e615.dir/link.txt --verbose=1
/usr/bin/c++ CMakeFiles/cmTC_5e615.dir/src.cxx.o -o cmTC_5e615 
CMakeFiles/cmTC_5e615.dir/src.cxx.o: In function `main':
src.cxx:(.text+0x3e): undefined reference to `pthread_create'
src.cxx:(.text+0x4a): undefined reference to `pthread_detach'
src.cxx:(.text+0x56): undefined reference to `pthread_cancel'
src.cxx:(.text+0x67): undefined reference to `pthread_join'
src.cxx:(.text+0x7b): undefined reference to `pthread_atfork'
collect2: error: ld returned 1 exit status
CMakeFiles/cmTC_5e615.dir/build.make:98: recipe for target 'cmTC_5e615' failed
make[1]: *** [cmTC_5e615] Error 1
make[1]: Leaving directory '/home/worker/EventStreamCore/build/CMakeFiles/CMakeTmp'
Makefile:127: recipe for target 'cmTC_5e615/fast' failed
make: *** [cmTC_5e615/fast] Error 2


Source file was:
#include <pthread.h>

static void* test_func(void* data)
{
  return data;
}

int main(void)
{
  pthread_t thread;
  pthread_create(&thread, NULL, test_func, NULL);
  pthread_detach(thread);
  pthread_cancel(thread);
  pthread_join(thread, NULL);
  pthread_atfork(NULL, NULL, NULL);
  pthread_exit(NULL);

  return 0;
}

Determining if the function pthread_create exists in the pthreads failed with the following output:
Change Dir: /home/worker/EventStreamCore/build/CMakeFiles/CMakeTmp

Run Build Command(s):/usr/bin/make -f Makefile cmTC_7e3d0/fast && /usr/bin/make  -f CMakeFiles/cmTC_7e3d0.dir/build.make CMakeFiles/cmTC_7e3d0.dir/build
make[1]: Entering directory '/home/worker/EventStreamCore/build/CMakeFiles/CMakeTmp'
Building CXX object CMakeFiles/cmTC_7e3d0.dir/CheckFunctionExists.cxx.o
/usr/bin/c++   -DCHECK_FUNCTION_EXISTS=pthread_create -std=c++1z -o CMakeFiles/cmTC_7e3d0.dir/CheckFunctionExists.cxx.o -c /home/worker/EventStreamCore/build/CMakeFiles/CheckLibraryExists/CheckFunctionExists.cxx
Linking CXX executable cmTC_7e3d0
/opt/cmake-3.24.2-linux-x86_64/bin/cmake -E cmake_link_script CMakeFiles/cmTC_7e3d0.dir/link.txt --verbose=1
/usr/bin/c++  -DCHECK_FUNCTION_EXISTS=pthread_create CMakeFiles/cmTC_7e3d0.dir/CheckFunctionExists.cxx.o -o cmTC_7e3d0  -lpthreads 
/usr/bin/ld: cannot find -lpthreads
collect2: error: ld returned 1 exit status
CMakeFiles/cmTC_7e3d0.dir/build.make:98: recipe for target 'cmTC_7e3d0' failed
make[1]: *** [cmTC_7e3d0] Error 1
make[1]: Leaving directory '/home/worker/EventStreamCore/build/CMakeFiles/CMakeTmp'
Makefile:127: recipe for target 'cmTC_7e3d0/fast' failed
make: *** [cmTC_7e3d0/fast] Error 2



